<?xml version="1.0" encoding="UTF-8" standalone="no"?>
<!DOCTYPE report PUBLIC "-//JACOCO//DTD Report 1.1//EN" "report.dtd"[]>
<report name="Pester (01/31/2026 23:36:55)">
  <sessioninfo id="this" start="1769902614300" dump="1769902615498" />
  <package name="Commands">
    <class name="Commands/NpmCommand" sourcefilename="NpmCommand.ps1">
      <method name="NpmView" desc="()" line="7">
        <counter type="INSTRUCTION" missed="0" covered="4" />
        <counter type="LINE" missed="0" covered="4" />
        <counter type="METHOD" missed="0" covered="1" />
      </method>
      <method name="GetLoc" desc="()" line="13">
        <counter type="INSTRUCTION" missed="2" covered="4" />
        <counter type="LINE" missed="1" covered="4" />
        <counter type="METHOD" missed="0" covered="1" />
      </method>
      <method name="ClearAndRenderHeader" desc="()" line="21">
        <counter type="INSTRUCTION" missed="0" covered="3" />
        <counter type="LINE" missed="0" covered="3" />
        <counter type="METHOD" missed="0" covered="1" />
      </method>
      <method name="ShowError" desc="()" line="26">
        <counter type="INSTRUCTION" missed="0" covered="7" />
        <counter type="LINE" missed="0" covered="5" />
        <counter type="METHOD" missed="0" covered="1" />
      </method>
      <method name="ShowSuccess" desc="()" line="34">
        <counter type="INSTRUCTION" missed="0" covered="3" />
        <counter type="LINE" missed="0" covered="2" />
        <counter type="METHOD" missed="0" covered="1" />
      </method>
      <method name="ShowNpmNotFound" desc="()" line="38">
        <counter type="INSTRUCTION" missed="0" covered="11" />
        <counter type="LINE" missed="0" covered="7" />
        <counter type="METHOD" missed="0" covered="1" />
      </method>
      <method name="ShowExecuting" desc="()" line="47">
        <counter type="INSTRUCTION" missed="0" covered="3" />
        <counter type="LINE" missed="0" covered="2" />
        <counter type="METHOD" missed="0" covered="1" />
      </method>
      <method name="ConfirmRemoval" desc="()" line="51">
        <counter type="INSTRUCTION" missed="3" covered="20" />
        <counter type="LINE" missed="2" covered="16" />
        <counter type="METHOD" missed="0" covered="1" />
      </method>
      <method name="ConfirmRemovePackageLock" desc="()" line="74">
        <counter type="INSTRUCTION" missed="1" covered="17" />
        <counter type="LINE" missed="1" covered="13" />
        <counter type="METHOD" missed="0" covered="1" />
      </method>
      <method name="ShowOperationCancelled" desc="()" line="93">
        <counter type="INSTRUCTION" missed="0" covered="4" />
        <counter type="LINE" missed="0" covered="2" />
        <counter type="METHOD" missed="0" covered="1" />
      </method>
      <method name="GetDescription" desc="()" line="99">
        <counter type="INSTRUCTION" missed="0" covered="1" />
        <counter type="LINE" missed="0" covered="1" />
        <counter type="METHOD" missed="0" covered="1" />
      </method>
      <method name="CanExecute" desc="()" line="102">
        <counter type="INSTRUCTION" missed="0" covered="2" />
        <counter type="LINE" missed="0" covered="2" />
        <counter type="METHOD" missed="0" covered="1" />
      </method>
      <method name="Execute" desc="()" line="106">
        <counter type="INSTRUCTION" missed="0" covered="19" />
        <counter type="LINE" missed="0" covered="19" />
        <counter type="METHOD" missed="0" covered="1" />
      </method>
      <method name="InvokeInstall" desc="()" line="137">
        <counter type="INSTRUCTION" missed="0" covered="22" />
        <counter type="LINE" missed="0" covered="21" />
        <counter type="METHOD" missed="0" covered="1" />
      </method>
      <method name="InvokeRemove" desc="()" line="175">
        <counter type="INSTRUCTION" missed="31" covered="37" />
        <counter type="LINE" missed="24" covered="32" />
        <counter type="METHOD" missed="0" covered="1" />
      </method>
      <method name="RefreshRepositoryState" desc="()" line="262">
        <counter type="INSTRUCTION" missed="3" covered="13" />
        <counter type="LINE" missed="2" covered="12" />
        <counter type="METHOD" missed="0" covered="1" />
      </method>
      <counter type="INSTRUCTION" missed="40" covered="170" />
      <counter type="LINE" missed="30" covered="145" />
      <counter type="METHOD" missed="0" covered="16" />
      <counter type="CLASS" missed="0" covered="1" />
    </class>
    <sourcefile name="NpmCommand.ps1">
      <line nr="7" mi="0" ci="1" mb="0" cb="0" />
      <line nr="8" mi="0" ci="1" mb="0" cb="0" />
      <line nr="9" mi="0" ci="1" mb="0" cb="0" />
      <line nr="10" mi="0" ci="1" mb="0" cb="0" />
      <line nr="13" mi="0" ci="1" mb="0" cb="0" />
      <line nr="14" mi="0" ci="1" mb="0" cb="0" />
      <line nr="15" mi="1" ci="1" mb="0" cb="0" />
      <line nr="16" mi="0" ci="1" mb="0" cb="0" />
      <line nr="18" mi="1" ci="0" mb="0" cb="0" />
      <line nr="21" mi="0" ci="1" mb="0" cb="0" />
      <line nr="22" mi="0" ci="1" mb="0" cb="0" />
      <line nr="23" mi="0" ci="1" mb="0" cb="0" />
      <line nr="26" mi="0" ci="1" mb="0" cb="0" />
      <line nr="27" mi="0" ci="2" mb="0" cb="0" />
      <line nr="28" mi="0" ci="1" mb="0" cb="0" />
      <line nr="29" mi="0" ci="2" mb="0" cb="0" />
      <line nr="31" mi="0" ci="1" mb="0" cb="0" />
      <line nr="34" mi="0" ci="1" mb="0" cb="0" />
      <line nr="35" mi="0" ci="2" mb="0" cb="0" />
      <line nr="38" mi="0" ci="1" mb="0" cb="0" />
      <line nr="39" mi="0" ci="1" mb="0" cb="0" />
      <line nr="40" mi="0" ci="1" mb="0" cb="0" />
      <line nr="41" mi="0" ci="3" mb="0" cb="0" />
      <line nr="42" mi="0" ci="1" mb="0" cb="0" />
      <line nr="43" mi="0" ci="3" mb="0" cb="0" />
      <line nr="44" mi="0" ci="1" mb="0" cb="0" />
      <line nr="47" mi="0" ci="1" mb="0" cb="0" />
      <line nr="48" mi="0" ci="2" mb="0" cb="0" />
      <line nr="51" mi="0" ci="1" mb="0" cb="0" />
      <line nr="52" mi="0" ci="1" mb="0" cb="0" />
      <line nr="53" mi="0" ci="1" mb="0" cb="0" />
      <line nr="54" mi="0" ci="1" mb="0" cb="0" />
      <line nr="55" mi="0" ci="1" mb="0" cb="0" />
      <line nr="56" mi="0" ci="1" mb="0" cb="0" />
      <line nr="57" mi="0" ci="1" mb="0" cb="0" />
      <line nr="58" mi="0" ci="3" mb="0" cb="0" />
      <line nr="59" mi="0" ci="2" mb="0" cb="0" />
      <line nr="61" mi="0" ci="1" mb="0" cb="0" />
      <line nr="62" mi="0" ci="1" mb="0" cb="0" />
      <line nr="63" mi="0" ci="1" mb="0" cb="0" />
      <line nr="64" mi="0" ci="1" mb="0" cb="0" />
      <line nr="65" mi="0" ci="1" mb="0" cb="0" />
      <line nr="66" mi="0" ci="1" mb="0" cb="0" />
      <line nr="67" mi="0" ci="2" mb="0" cb="0" />
      <line nr="69" mi="2" ci="0" mb="0" cb="0" />
      <line nr="70" mi="1" ci="0" mb="0" cb="0" />
      <line nr="74" mi="0" ci="1" mb="0" cb="0" />
      <line nr="75" mi="0" ci="1" mb="0" cb="0" />
      <line nr="76" mi="0" ci="1" mb="0" cb="0" />
      <line nr="77" mi="0" ci="1" mb="0" cb="0" />
      <line nr="78" mi="0" ci="1" mb="0" cb="0" />
      <line nr="79" mi="0" ci="3" mb="0" cb="0" />
      <line nr="80" mi="0" ci="2" mb="0" cb="0" />
      <line nr="82" mi="0" ci="1" mb="0" cb="0" />
      <line nr="83" mi="0" ci="1" mb="0" cb="0" />
      <line nr="84" mi="0" ci="1" mb="0" cb="0" />
      <line nr="85" mi="0" ci="1" mb="0" cb="0" />
      <line nr="86" mi="0" ci="1" mb="0" cb="0" />
      <line nr="87" mi="0" ci="2" mb="0" cb="0" />
      <line nr="89" mi="1" ci="0" mb="0" cb="0" />
      <line nr="93" mi="0" ci="3" mb="0" cb="0" />
      <line nr="94" mi="0" ci="1" mb="0" cb="0" />
      <line nr="99" mi="0" ci="1" mb="0" cb="0" />
      <line nr="102" mi="0" ci="1" mb="0" cb="0" />
      <line nr="103" mi="0" ci="1" mb="0" cb="0" />
      <line nr="106" mi="0" ci="1" mb="0" cb="0" />
      <line nr="107" mi="0" ci="1" mb="0" cb="0" />
      <line nr="108" mi="0" ci="1" mb="0" cb="0" />
      <line nr="109" mi="0" ci="1" mb="0" cb="0" />
      <line nr="110" mi="0" ci="1" mb="0" cb="0" />
      <line nr="111" mi="0" ci="1" mb="0" cb="0" />
      <line nr="112" mi="0" ci="1" mb="0" cb="0" />
      <line nr="114" mi="0" ci="1" mb="0" cb="0" />
      <line nr="115" mi="0" ci="1" mb="0" cb="0" />
      <line nr="116" mi="0" ci="1" mb="0" cb="0" />
      <line nr="117" mi="0" ci="1" mb="0" cb="0" />
      <line nr="119" mi="0" ci="1" mb="0" cb="0" />
      <line nr="120" mi="0" ci="1" mb="0" cb="0" />
      <line nr="121" mi="0" ci="1" mb="0" cb="0" />
      <line nr="123" mi="0" ci="1" mb="0" cb="0" />
      <line nr="124" mi="0" ci="1" mb="0" cb="0" />
      <line nr="128" mi="0" ci="1" mb="0" cb="0" />
      <line nr="129" mi="0" ci="1" mb="0" cb="0" />
      <line nr="133" mi="0" ci="1" mb="0" cb="0" />
      <line nr="137" mi="0" ci="2" mb="0" cb="0" />
      <line nr="138" mi="0" ci="1" mb="0" cb="0" />
      <line nr="139" mi="0" ci="1" mb="0" cb="0" />
      <line nr="142" mi="0" ci="1" mb="0" cb="0" />
      <line nr="143" mi="0" ci="1" mb="0" cb="0" />
      <line nr="144" mi="0" ci="1" mb="0" cb="0" />
      <line nr="147" mi="0" ci="1" mb="0" cb="0" />
      <line nr="149" mi="0" ci="1" mb="0" cb="0" />
      <line nr="150" mi="0" ci="1" mb="0" cb="0" />
      <line nr="152" mi="0" ci="1" mb="0" cb="0" />
      <line nr="153" mi="0" ci="1" mb="0" cb="0" />
      <line nr="154" mi="0" ci="1" mb="0" cb="0" />
      <line nr="155" mi="0" ci="1" mb="0" cb="0" />
      <line nr="156" mi="0" ci="1" mb="0" cb="0" />
      <line nr="157" mi="0" ci="1" mb="0" cb="0" />
      <line nr="158" mi="0" ci="1" mb="0" cb="0" />
      <line nr="160" mi="0" ci="1" mb="0" cb="0" />
      <line nr="161" mi="0" ci="1" mb="0" cb="0" />
      <line nr="165" mi="0" ci="1" mb="0" cb="0" />
      <line nr="166" mi="0" ci="1" mb="0" cb="0" />
      <line nr="170" mi="0" ci="1" mb="0" cb="0" />
      <line nr="175" mi="0" ci="1" mb="0" cb="0" />
      <line nr="177" mi="0" ci="2" mb="0" cb="0" />
      <line nr="179" mi="0" ci="1" mb="0" cb="0" />
      <line nr="180" mi="0" ci="1" mb="0" cb="0" />
      <line nr="181" mi="0" ci="1" mb="0" cb="0" />
      <line nr="182" mi="0" ci="1" mb="0" cb="0" />
      <line nr="185" mi="0" ci="1" mb="0" cb="0" />
      <line nr="186" mi="0" ci="2" mb="0" cb="0" />
      <line nr="187" mi="0" ci="1" mb="0" cb="0" />
      <line nr="188" mi="0" ci="1" mb="0" cb="0" />
      <line nr="190" mi="0" ci="1" mb="0" cb="0" />
      <line nr="191" mi="0" ci="1" mb="0" cb="0" />
      <line nr="192" mi="1" ci="0" mb="0" cb="0" />
      <line nr="193" mi="1" ci="0" mb="0" cb="0" />
      <line nr="194" mi="1" ci="0" mb="0" cb="0" />
      <line nr="197" mi="0" ci="1" mb="0" cb="0" />
      <line nr="198" mi="0" ci="1" mb="0" cb="0" />
      <line nr="199" mi="1" ci="0" mb="0" cb="0" />
      <line nr="202" mi="1" ci="0" mb="0" cb="0" />
      <line nr="203" mi="1" ci="0" mb="0" cb="0" />
      <line nr="204" mi="1" ci="0" mb="0" cb="0" />
      <line nr="205" mi="1" ci="0" mb="0" cb="0" />
      <line nr="206" mi="2" ci="0" mb="0" cb="0" />
      <line nr="209" mi="1" ci="0" mb="0" cb="0" />
      <line nr="210" mi="1" ci="0" mb="0" cb="0" />
      <line nr="211" mi="1" ci="0" mb="0" cb="0" />
      <line nr="212" mi="1" ci="0" mb="0" cb="0" />
      <line nr="215" mi="1" ci="0" mb="0" cb="0" />
      <line nr="218" mi="1" ci="0" mb="0" cb="0" />
      <line nr="222" mi="0" ci="2" mb="0" cb="0" />
      <line nr="225" mi="0" ci="1" mb="0" cb="0" />
      <line nr="226" mi="0" ci="1" mb="0" cb="0" />
      <line nr="227" mi="0" ci="1" mb="0" cb="0" />
      <line nr="228" mi="0" ci="1" mb="0" cb="0" />
      <line nr="229" mi="0" ci="1" mb="0" cb="0" />
      <line nr="230" mi="0" ci="1" mb="0" cb="0" />
      <line nr="231" mi="1" ci="0" mb="0" cb="0" />
      <line nr="232" mi="2" ci="0" mb="0" cb="0" />
      <line nr="233" mi="3" ci="0" mb="0" cb="0" />
      <line nr="234" mi="2" ci="0" mb="0" cb="0" />
      <line nr="235" mi="1" ci="0" mb="0" cb="0" />
      <line nr="236" mi="1" ci="0" mb="0" cb="0" />
      <line nr="238" mi="0" ci="1" mb="0" cb="0" />
      <line nr="239" mi="0" ci="1" mb="0" cb="0" />
      <line nr="241" mi="0" ci="1" mb="0" cb="0" />
      <line nr="243" mi="1" ci="2" mb="0" cb="0" />
      <line nr="244" mi="0" ci="1" mb="0" cb="0" />
      <line nr="245" mi="1" ci="0" mb="0" cb="0" />
      <line nr="246" mi="1" ci="0" mb="0" cb="0" />
      <line nr="247" mi="1" ci="0" mb="0" cb="0" />
      <line nr="250" mi="1" ci="2" mb="0" cb="0" />
      <line nr="251" mi="0" ci="1" mb="0" cb="0" />
      <line nr="255" mi="0" ci="1" mb="0" cb="0" />
      <line nr="256" mi="0" ci="1" mb="0" cb="0" />
      <line nr="258" mi="0" ci="1" mb="0" cb="0" />
      <line nr="259" mi="0" ci="1" mb="0" cb="0" />
      <line nr="262" mi="0" ci="1" mb="0" cb="0" />
      <line nr="263" mi="0" ci="1" mb="0" cb="0" />
      <line nr="264" mi="0" ci="1" mb="0" cb="0" />
      <line nr="266" mi="0" ci="1" mb="0" cb="0" />
      <line nr="268" mi="0" ci="1" mb="0" cb="0" />
      <line nr="271" mi="0" ci="1" mb="0" cb="0" />
      <line nr="272" mi="0" ci="1" mb="0" cb="0" />
      <line nr="273" mi="0" ci="1" mb="0" cb="0" />
      <line nr="276" mi="0" ci="1" mb="0" cb="0" />
      <line nr="277" mi="1" ci="2" mb="0" cb="0" />
      <line nr="278" mi="1" ci="0" mb="0" cb="0" />
      <line nr="279" mi="1" ci="0" mb="0" cb="0" />
      <line nr="283" mi="0" ci="1" mb="0" cb="0" />
      <line nr="285" mi="0" ci="1" mb="0" cb="0" />
      <counter type="INSTRUCTION" missed="40" covered="170" />
      <counter type="LINE" missed="30" covered="145" />
      <counter type="METHOD" missed="0" covered="16" />
      <counter type="CLASS" missed="0" covered="1" />
    </sourcefile>
    <counter type="INSTRUCTION" missed="40" covered="170" />
    <counter type="LINE" missed="30" covered="145" />
    <counter type="METHOD" missed="0" covered="16" />
    <counter type="CLASS" missed="0" covered="1" />
  </package>
  <counter type="INSTRUCTION" missed="40" covered="170" />
  <counter type="LINE" missed="30" covered="145" />
  <counter type="METHOD" missed="0" covered="16" />
  <counter type="CLASS" missed="0" covered="1" />
</report>
